# JRE version: OpenJDK Runtime Environment Temurin-17.0.5+8 (17.0.5+8) (build 17.0.5+8)
# Java VM: OpenJDK 64-Bit Server VM Temurin-17.0.5+8 (17.0.5+8, mixed mode, tiered, compressed oops, compressed class ptrs, serial gc, windows-amd64)
GC Precious Log:
 CPUs: 1 total, 1 available
 Memory: 2038M
 Large Page Support: Disabled
 NUMA Support: Disabled
 Compressed Oops: Enabled (32-bit)
 Heap Min Capacity: 8M
 Heap Initial Capacity: 32M
 Heap Max Capacity: 510M
 Pre-touch: Disabled
Heap:
 def new generation   total 16896K, used 2834K [0x00000000e0200000, 0x00000000e1450000, 0x00000000eac00000)
  eden space 15040K,   6% used [0x00000000e0200000, 0x00000000e02f4ac8, 0x00000000e10b0000)
  from space 1856K, 100% used [0x00000000e1280000, 0x00000000e1450000, 0x00000000e1450000)
  to   space 1856K,   0% used [0x00000000e10b0000, 0x00000000e10b0000, 0x00000000e1280000)
 tenured generation   total 37440K, used 31120K [0x00000000eac00000, 0x00000000ed090000, 0x0000000100000000)
   the space 37440K,  83% used [0x00000000eac00000, 0x00000000eca64398, 0x00000000eca64400, 0x00000000ed090000)
 Metaspace       used 32152K, committed 32384K, reserved 1081344K
  class space    used 4040K, committed 4160K, reserved 1048576K
GC Heap History (20 events):
Event: 6.286 GC heap before
{Heap before GC invocations=3 (full 0):
 def new generation   total 9792K, used 9792K [0x00000000e0200000, 0x00000000e0ca0000, 0x00000000eac00000)
  eden space 8704K, 100% used [0x00000000e0200000, 0x00000000e0a80000, 0x00000000e0a80000)
  from space 1088K, 100% used [0x00000000e0b90000, 0x00000000e0ca0000, 0x00000000e0ca0000)
  to   space 1088K,   0% used [0x00000000e0a80000, 0x00000000e0a80000, 0x00000000e0b90000)
 tenured generation   total 21888K, used 2381K [0x00000000eac00000, 0x00000000ec160000, 0x0000000100000000)
   the space 21888K,  10% used [0x00000000eac00000, 0x00000000eae53628, 0x00000000eae53800, 0x00000000ec160000)
 Metaspace       used 17668K, committed 17920K, reserved 1073152K
  class space    used 1977K, committed 2112K, reserved 1048576K
}
Event: 6.301 GC heap after
{Heap after GC invocations=4 (full 0):
 def new generation   total 9792K, used 1087K [0x00000000e0200000, 0x00000000e0ca0000, 0x00000000eac00000)
  eden space 8704K,   0% used [0x00000000e0200000, 0x00000000e0200000, 0x00000000e0a80000)
  from space 1088K,  99% used [0x00000000e0a80000, 0x00000000e0b8fff8, 0x00000000e0b90000)
  to   space 1088K,   0% used [0x00000000e0b90000, 0x00000000e0b90000, 0x00000000e0ca0000)
 tenured generation   total 21888K, used 3860K [0x00000000eac00000, 0x00000000ec160000, 0x0000000100000000)
   the space 21888K,  17% used [0x00000000eac00000, 0x00000000eafc5388, 0x00000000eafc5400, 0x00000000ec160000)
 Metaspace       used 17668K, committed 17920K, reserved 1073152K
  class space    used 1977K, committed 2112K, reserved 1048576K
}
Event: 7.476 GC heap before
{Heap before GC invocations=4 (full 0):
 def new generation   total 9792K, used 9791K [0x00000000e0200000, 0x00000000e0ca0000, 0x00000000eac00000)
  eden space 8704K, 100% used [0x00000000e0200000, 0x00000000e0a80000, 0x00000000e0a80000)
  from space 1088K,  99% used [0x00000000e0a80000, 0x00000000e0b8fff8, 0x00000000e0b90000)
  to   space 1088K,   0% used [0x00000000e0b90000, 0x00000000e0b90000, 0x00000000e0ca0000)
 tenured generation   total 21888K, used 3860K [0x00000000eac00000, 0x00000000ec160000, 0x0000000100000000)
   the space 21888K,  17% used [0x00000000eac00000, 0x00000000eafc5388, 0x00000000eafc5400, 0x00000000ec160000)
 Metaspace       used 20049K, committed 20224K, reserved 1073152K
  class space    used 2451K, committed 2560K, reserved 1048576K
}
Event: 7.487 GC heap after
{Heap after GC invocations=5 (full 0):
 def new generation   total 9792K, used 533K [0x00000000e0200000, 0x00000000e0ca0000, 0x00000000eac00000)
  eden space 8704K,   0% used [0x00000000e0200000, 0x00000000e0200000, 0x00000000e0a80000)
  from space 1088K,  49% used [0x00000000e0b90000, 0x00000000e0c154d0, 0x00000000e0ca0000)
  to   space 1088K,   0% used [0x00000000e0a80000, 0x00000000e0a80000, 0x00000000e0b90000)
 tenured generation   total 21888K, used 4929K [0x00000000eac00000, 0x00000000ec160000, 0x0000000100000000)
   the space 21888K,  22% used [0x00000000eac00000, 0x00000000eb0d0420, 0x00000000eb0d0600, 0x00000000ec160000)
 Metaspace       used 20049K, committed 20224K, reserved 1073152K
  class space    used 2451K, committed 2560K, reserved 1048576K
}
Event: 8.728 GC heap before
{Heap before GC invocations=5 (full 0):
 def new generation   total 9792K, used 5848K [0x00000000e0200000, 0x00000000e0ca0000, 0x00000000eac00000)
  eden space 8704K,  61% used [0x00000000e0200000, 0x00000000e0730cf8, 0x00000000e0a80000)
  from space 1088K,  49% used [0x00000000e0b90000, 0x00000000e0c154d0, 0x00000000e0ca0000)
  to   space 1088K,   0% used [0x00000000e0a80000, 0x00000000e0a80000, 0x00000000e0b90000)
 tenured generation   total 21888K, used 4929K [0x00000000eac00000, 0x00000000ec160000, 0x0000000100000000)
   the space 21888K,  22% used [0x00000000eac00000, 0x00000000eb0d0420, 0x00000000eb0d0600, 0x00000000ec160000)
 Metaspace       used 21299K, committed 21504K, reserved 1073152K
  class space    used 2650K, committed 2752K, reserved 1048576K
}
Event: 8.770 GC heap after
{Heap after GC invocations=6 (full 1):
 def new generation   total 9920K, used 0K [0x00000000e0200000, 0x00000000e0cc0000, 0x00000000eac00000)
  eden space 8832K,   0% used [0x00000000e0200000, 0x00000000e0200000, 0x00000000e0aa0000)
  from space 1088K,   0% used [0x00000000e0aa0000, 0x00000000e0aa0000, 0x00000000e0bb0000)
  to   space 1088K,   0% used [0x00000000e0bb0000, 0x00000000e0bb0000, 0x00000000e0cc0000)
 tenured generation   total 21888K, used 6123K [0x00000000eac00000, 0x00000000ec160000, 0x0000000100000000)
   the space 21888K,  27% used [0x00000000eac00000, 0x00000000eb1faef0, 0x00000000eb1fb000, 0x00000000ec160000)
 Metaspace       used 21299K, committed 21504K, reserved 1073152K
  class space    used 2650K, committed 2752K, reserved 1048576K
}
Event: 8.854 GC heap before
{Heap before GC invocations=6 (full 1):
 def new generation   total 9920K, used 4824K [0x00000000e0200000, 0x00000000e0cc0000, 0x00000000eac00000)
  eden space 8832K,  54% used [0x00000000e0200000, 0x00000000e06b61f8, 0x00000000e0aa0000)
  from space 1088K,   0% used [0x00000000e0aa0000, 0x00000000e0aa0000, 0x00000000e0bb0000)
  to   space 1088K,   0% used [0x00000000e0bb0000, 0x00000000e0bb0000, 0x00000000e0cc0000)
 tenured generation   total 21888K, used 6123K [0x00000000eac00000, 0x00000000ec160000, 0x0000000100000000)
   the space 21888K,  27% used [0x00000000eac00000, 0x00000000eb1faef0, 0x00000000eb1fb000, 0x00000000ec160000)
 Metaspace       used 21630K, committed 21888K, reserved 1073152K
  class space    used 2698K, committed 2816K, reserved 1048576K
}
Event: 8.862 GC heap after
{Heap after GC invocations=7 (full 1):
 def new generation   total 9920K, used 59K [0x00000000e0200000, 0x00000000e0cc0000, 0x00000000eac00000)
  eden space 8832K,   0% used [0x00000000e0200000, 0x00000000e0200000, 0x00000000e0aa0000)
  from space 1088K,   5% used [0x00000000e0bb0000, 0x00000000e0bbece0, 0x00000000e0cc0000)
  to   space 1088K,   0% used [0x00000000e0aa0000, 0x00000000e0aa0000, 0x00000000e0bb0000)
 tenured generation   total 21888K, used 9640K [0x00000000eac00000, 0x00000000ec160000, 0x0000000100000000)
   the space 21888K,  44% used [0x00000000eac00000, 0x00000000eb56a320, 0x00000000eb56a400, 0x00000000ec160000)
 Metaspace       used 21630K, committed 21888K, reserved 1073152K
  class space    used 2698K, committed 2816K, reserved 1048576K
}
Event: 8.917 GC heap before
{Heap before GC invocations=7 (full 1):
 def new generation   total 9920K, used 8603K [0x00000000e0200000, 0x00000000e0cc0000, 0x00000000eac00000)
  eden space 8832K,  96% used [0x00000000e0200000, 0x00000000e0a58088, 0x00000000e0aa0000)
  from space 1088K,   5% used [0x00000000e0bb0000, 0x00000000e0bbece0, 0x00000000e0cc0000)
  to   space 1088K,   0% used [0x00000000e0aa0000, 0x00000000e0aa0000, 0x00000000e0bb0000)
 tenured generation   total 21888K, used 9640K [0x00000000eac00000, 0x00000000ec160000, 0x0000000100000000)
   the space 21888K,  44% used [0x00000000eac00000, 0x00000000eb56a320, 0x00000000eb56a400, 0x00000000ec160000)
 Metaspace       used 21719K, committed 21952K, reserved 1073152K
  class space    used 2710K, committed 2816K, reserved 1048576K
}
Event: 8.931 GC heap after
{Heap after GC invocations=8 (full 1):
 def new generation   total 9920K, used 69K [0x00000000e0200000, 0x00000000e0cc0000, 0x00000000eac00000)
  eden space 8832K,   0% used [0x00000000e0200000, 0x00000000e0200000, 0x00000000e0aa0000)
  from space 1088K,   6% used [0x00000000e0aa0000, 0x00000000e0ab1780, 0x00000000e0bb0000)
  to   space 1088K,   0% used [0x00000000e0bb0000, 0x00000000e0bb0000, 0x00000000e0cc0000)
 tenured generation   total 21888K, used 17832K [0x00000000eac00000, 0x00000000ec160000, 0x0000000100000000)
   the space 21888K,  81% used [0x00000000eac00000, 0x00000000ebd6a330, 0x00000000ebd6a400, 0x00000000ec160000)
 Metaspace       used 21719K, committed 21952K, reserved 1073152K
  class space    used 2710K, committed 2816K, reserved 1048576K
}
Event: 10.007 GC heap before
{Heap before GC invocations=8 (full 1):
 def new generation   total 9920K, used 8901K [0x00000000e0200000, 0x00000000e0cc0000, 0x00000000eac00000)
  eden space 8832K, 100% used [0x00000000e0200000, 0x00000000e0aa0000, 0x00000000e0aa0000)
  from space 1088K,   6% used [0x00000000e0aa0000, 0x00000000e0ab1780, 0x00000000e0bb0000)
  to   space 1088K,   0% used [0x00000000e0bb0000, 0x00000000e0bb0000, 0x00000000e0cc0000)
 tenured generation   total 21888K, used 17832K [0x00000000eac00000, 0x00000000ec160000, 0x0000000100000000)
   the space 21888K,  81% used [0x00000000eac00000, 0x00000000ebd6a330, 0x00000000ebd6a400, 0x00000000ec160000)
 Metaspace       used 22784K, committed 22976K, reserved 1073152K
  class space    used 2831K, committed 2944K, reserved 1048576K
}
Event: 10.021 GC heap after
{Heap after GC invocations=9 (full 1):
 def new generation   total 9920K, used 1088K [0x00000000e0200000, 0x00000000e0cc0000, 0x00000000eac00000)
  eden space 8832K,   0% used [0x00000000e0200000, 0x00000000e0200000, 0x00000000e0aa0000)
  from space 1088K, 100% used [0x00000000e0bb0000, 0x00000000e0cc0000, 0x00000000e0cc0000)
  to   space 1088K,   0% used [0x00000000e0aa0000, 0x00000000e0aa0000, 0x00000000e0bb0000)
 tenured generation   total 22464K, used 22298K [0x00000000eac00000, 0x00000000ec1f0000, 0x0000000100000000)
   the space 22464K,  99% used [0x00000000eac00000, 0x00000000ec1c69d8, 0x00000000ec1c6a00, 0x00000000ec1f0000)
 Metaspace       used 22784K, committed 22976K, reserved 1073152K
  class space    used 2831K, committed 2944K, reserved 1048576K
}
Event: 10.021 GC heap before
{Heap before GC invocations=9 (full 1):
 def new generation   total 9920K, used 1088K [0x00000000e0200000, 0x00000000e0cc0000, 0x00000000eac00000)
  eden space 8832K,   0% used [0x00000000e0200000, 0x00000000e0200000, 0x00000000e0aa0000)
  from space 1088K, 100% used [0x00000000e0bb0000, 0x00000000e0cc0000, 0x00000000e0cc0000)
  to   space 1088K,   0% used [0x00000000e0aa0000, 0x00000000e0aa0000, 0x00000000e0bb0000)
 tenured generation   total 22464K, used 22298K [0x00000000eac00000, 0x00000000ec1f0000, 0x0000000100000000)
   the space 22464K,  99% used [0x00000000eac00000, 0x00000000ec1c69d8, 0x00000000ec1c6a00, 0x00000000ec1f0000)
 Metaspace       used 22784K, committed 22976K, reserved 1073152K
  class space    used 2831K, committed 2944K, reserved 1048576K
}
Event: 10.064 GC heap after
{Heap after GC invocations=9 (full 2):
 def new generation   total 16896K, used 905K [0x00000000e0200000, 0x00000000e1450000, 0x00000000eac00000)
  eden space 15040K,   6% used [0x00000000e0200000, 0x00000000e02e2760, 0x00000000e10b0000)
  from space 1856K,   0% used [0x00000000e10b0000, 0x00000000e10b0000, 0x00000000e1280000)
  to   space 1856K,   0% used [0x00000000e1280000, 0x00000000e1280000, 0x00000000e1450000)
 tenured generation   total 37440K, used 22463K [0x00000000eac00000, 0x00000000ed090000, 0x0000000100000000)
   the space 37440K,  59% used [0x00000000eac00000, 0x00000000ec1effd8, 0x00000000ec1f0000, 0x00000000ed090000)
 Metaspace       used 22784K, committed 22976K, reserved 1073152K
  class space    used 2831K, committed 2944K, reserved 1048576K
}
Event: 12.892 GC heap before
{Heap before GC invocations=9 (full 2):
 def new generation   total 16896K, used 15040K [0x00000000e0200000, 0x00000000e1450000, 0x00000000eac00000)
  eden space 15040K, 100% used [0x00000000e0200000, 0x00000000e10b0000, 0x00000000e10b0000)
  from space 1856K,   0% used [0x00000000e10b0000, 0x00000000e10b0000, 0x00000000e1280000)
  to   space 1856K,   0% used [0x00000000e1280000, 0x00000000e1280000, 0x00000000e1450000)
 tenured generation   total 37440K, used 22463K [0x00000000eac00000, 0x00000000ed090000, 0x0000000100000000)
   the space 37440K,  59% used [0x00000000eac00000, 0x00000000ec1effd8, 0x00000000ec1f0000, 0x00000000ed090000)
 Metaspace       used 27850K, committed 28160K, reserved 1081344K
  class space    used 3436K, committed 3584K, reserved 1048576K
}
Event: 12.914 GC heap after
{Heap after GC invocations=10 (full 2):
 def new generation   total 16896K, used 1856K [0x00000000e0200000, 0x00000000e1450000, 0x00000000eac00000)
  eden space 15040K,   0% used [0x00000000e0200000, 0x00000000e0200000, 0x00000000e10b0000)
  from space 1856K, 100% used [0x00000000e1280000, 0x00000000e1450000, 0x00000000e1450000)
  to   space 1856K,   0% used [0x00000000e10b0000, 0x00000000e10b0000, 0x00000000e1280000)
 tenured generation   total 37440K, used 23778K [0x00000000eac00000, 0x00000000ed090000, 0x0000000100000000)
   the space 37440K,  63% used [0x00000000eac00000, 0x00000000ec3388c8, 0x00000000ec338a00, 0x00000000ed090000)
 Metaspace       used 27850K, committed 28160K, reserved 1081344K
  class space    used 3436K, committed 3584K, reserved 1048576K
}
Event: 19.433 GC heap before
{Heap before GC invocations=10 (full 2):
 def new generation   total 16896K, used 16896K [0x00000000e0200000, 0x00000000e1450000, 0x00000000eac00000)
  eden space 15040K, 100% used [0x00000000e0200000, 0x00000000e10b0000, 0x00000000e10b0000)
  from space 1856K, 100% used [0x00000000e1280000, 0x00000000e1450000, 0x00000000e1450000)
  to   space 1856K,   0% used [0x00000000e10b0000, 0x00000000e10b0000, 0x00000000e1280000)
 tenured generation   total 37440K, used 23778K [0x00000000eac00000, 0x00000000ed090000, 0x0000000100000000)
   the space 37440K,  63% used [0x00000000eac00000, 0x00000000ec3388c8, 0x00000000ec338a00, 0x00000000ed090000)
 Metaspace       used 30969K, committed 31232K, reserved 1081344K
  class space    used 3891K, committed 4032K, reserved 1048576K
}
Event: 19.459 GC heap after
{Heap after GC invocations=11 (full 2):
 def new generation   total 16896K, used 1855K [0x00000000e0200000, 0x00000000e1450000, 0x00000000eac00000)
  eden space 15040K,   0% used [0x00000000e0200000, 0x00000000e0200000, 0x00000000e10b0000)
  from space 1856K,  99% used [0x00000000e10b0000, 0x00000000e127fff8, 0x00000000e1280000)
  to   space 1856K,   0% used [0x00000000e1280000, 0x00000000e1280000, 0x00000000e1450000)
 tenured generation   total 37440K, used 26326K [0x00000000eac00000, 0x00000000ed090000, 0x0000000100000000)
   the space 37440K,  70% used [0x00000000eac00000, 0x00000000ec5b5b90, 0x00000000ec5b5c00, 0x00000000ed090000)
 Metaspace       used 30969K, committed 31232K, reserved 1081344K
  class space    used 3891K, committed 4032K, reserved 1048576K
}
Event: 26.973 GC heap before
{Heap before GC invocations=11 (full 2):
 def new generation   total 16896K, used 16895K [0x00000000e0200000, 0x00000000e1450000, 0x00000000eac00000)
  eden space 15040K, 100% used [0x00000000e0200000, 0x00000000e10b0000, 0x00000000e10b0000)
  from space 1856K,  99% used [0x00000000e10b0000, 0x00000000e127fff8, 0x00000000e1280000)
  to   space 1856K,   0% used [0x00000000e1280000, 0x00000000e1280000, 0x00000000e1450000)
 tenured generation   total 37440K, used 26326K [0x00000000eac00000, 0x00000000ed090000, 0x0000000100000000)
   the space 37440K,  70% used [0x00000000eac00000, 0x00000000ec5b5b90, 0x00000000ec5b5c00, 0x00000000ed090000)
 Metaspace       used 31900K, committed 32128K, reserved 1081344K
  class space    used 4028K, committed 4160K, reserved 1048576K
}
Event: 26.998 GC heap after
{Heap after GC invocations=12 (full 2):
 def new generation   total 16896K, used 1856K [0x00000000e0200000, 0x00000000e1450000, 0x00000000eac00000)
  eden space 15040K,   0% used [0x00000000e0200000, 0x00000000e0200000, 0x00000000e10b0000)
  from space 1856K, 100% used [0x00000000e1280000, 0x00000000e1450000, 0x00000000e1450000)
  to   space 1856K,   0% used [0x00000000e10b0000, 0x00000000e10b0000, 0x00000000e1280000)
 tenured generation   total 37440K, used 31120K [0x00000000eac00000, 0x00000000ed090000, 0x0000000100000000)
   the space 37440K,  83% used [0x00000000eac00000, 0x00000000eca64398, 0x00000000eca64400, 0x00000000ed090000)
 Metaspace       used 31900K, committed 32128K, reserved 1081344K
  class space    used 4028K, committed 4160K, reserved 1048576K
}

